<?xml version="1.0" encoding="UTF-8"?>
<!-- Generated by org.testng.reporters.JUnitReportReporter -->
<testsuite hostname="RW-LAP-007" failures="0" tests="1" name="com.Test.superhomepagetest" time="174.740" errors="0" timestamp="2023-09-27T17:14:08 IST" skipped="0">
  <testcase classname="com.Test.superhomepagetest" name="superhomepagetest1" time="174.740"/>
  <system-out/>
</testsuite> <!-- com.Test.superhomepagetest -->
