<?xml version="1.0" encoding="UTF-8"?>
<!-- Generated by org.testng.reporters.JUnitReportReporter -->
<testsuite hostname="RW-LAP-007" failures="0" tests="1" name="com.Test.Create_portfolio_Test" time="291.607" errors="0" timestamp="2023-09-20T11:37:05 IST" skipped="0">
  <testcase classname="com.Test.Create_portfolio_Test" name="Create_portfolio_Test" time="291.607"/>
  <system-out/>
</testsuite> <!-- com.Test.Create_portfolio_Test -->
