<?xml version="1.0" encoding="UTF-8"?>
<!-- Generated by org.testng.reporters.JUnitReportReporter -->
<testsuite hostname="RW-LAP-007" failures="0" tests="1" name="com.Test.Associated_Your_Patent_Test" time="55.049" errors="0" timestamp="2023-09-27T17:21:32 IST" skipped="0">
  <testcase classname="com.Test.Associated_Your_Patent_Test" name="Associated_Your_Patent_Test" time="55.049"/>
  <system-out/>
</testsuite> <!-- com.Test.Associated_Your_Patent_Test -->
