<?xml version="1.0" encoding="UTF-8"?>
<!-- Generated by org.testng.reporters.JUnitReportReporter -->
<testsuite hostname="RW-LAP-007" failures="0" tests="1" name="com.Test.Insight_Page_Test" time="77.774" errors="0" timestamp="2023-09-14T17:06:51 IST" skipped="0">
  <testcase classname="com.Test.Insight_Page_Test" name="Insight_Page_Test" time="77.774"/>
  <system-out/>
</testsuite> <!-- com.Test.Insight_Page_Test -->
