<?xml version="1.0" encoding="UTF-8"?>
<!-- Generated by org.testng.reporters.JUnitReportReporter -->
<testsuite hostname="RW-LAP-007" failures="0" tests="1" name="com.Test.Home_Page" time="250.820" errors="0" timestamp="2023-09-27T16:38:21 IST" skipped="0">
  <testcase classname="com.Test.Home_Page" name="homePageTest" time="250.820"/>
  <system-out/>
</testsuite> <!-- com.Test.Home_Page -->
