<?xml version="1.0" encoding="UTF-8"?>
<!-- Generated by org.testng.reporters.JUnitReportReporter -->
<testsuite hostname="RW-LAP-007" failures="0" tests="1" name="com.Test.Profile_PageTest" time="210.752" errors="0" timestamp="2023-09-20T13:18:36 IST" skipped="0">
  <testcase classname="com.Test.Profile_PageTest" name="Profile_PageTest" time="210.752"/>
  <system-out/>
</testsuite> <!-- com.Test.Profile_PageTest -->
